<?xml version="1.0" encoding="UTF-8"?>
<!-- Generated by org.testng.reporters.JUnitReportReporter -->
<testsuite name="Driver" tests="1" time="0.590" ignored="0" failures="0" timestamp="07 Dec 2019 02:45:01 GMT" skipped="0" hostname="DESKTOP-U2D6G6J" errors="0">
  <testcase name="skipLogin" time="0.590" classname="Driver"/>
</testsuite> <!-- Driver -->
